Arguments: 
  C:\Program Files\nodejs\node.exe C:\Program Files (x86)\Yarn\bin\yarn.js install

PATH: 
  C:\Program Files (x86)\Intel\Intel(R) Management Engine Components\iCLS\;C:\Program Files\Intel\Intel(R) Management Engine Components\iCLS\;C:\Python27\;C:\Python27\Scripts;C:\windows\system32;C:\windows;C:\windows\System32\Wbem;C:\windows\System32\WindowsPowerShell\v1.0\;C:\Program Files (x86)\NVIDIA Corporation\PhysX\Common;C:\ProgramData\chocolatey\bin;C:\Program Files\nodejs\;C:\Program Files (x86)\Yarn\bin\;C:\Program Files\Java\jdk1.8.0_211\bin;C:\WINDOWS\system32;C:\WINDOWS;C:\WINDOWS\System32\Wbem;C:\WINDOWS\System32\WindowsPowerShell\v1.0\;C:\WINDOWS\System32\OpenSSH\;C:\Program Files\Git\cmd;%ANDROID_HOME%\platform-tools;%ANDROID_HOME%\tools;C:\Program Files\PuTTY\;C:\Program Files (x86)\Bitvise SSH Client;C:\Program Files\NVIDIA Corporation\NVIDIA NvDLISR;C:\Program Files (x86)\Intel\Intel(R) Management Engine Components\DAL;C:\Program Files\Intel\Intel(R) Management Engine Components\DAL;C:\Users\thaly\AppData\Local\Microsoft\WindowsApps;C:\Users\thaly\AppData\Roaming\npm;C:\Users\thaly\AppData\Local\Yarn\bin;C:\Android\Sdk\platform-tools;C:\Android\Sdk\tools;;C:\Users\thaly\AppData\Local\hyper\app-3.0.2\resources\bin;C:\Program Files\Docker Toolbox;C:\Users\thaly\AppData\Local\Programs\Microsoft VS Code\bin

Yarn version: 
  1.16.0

Node version: 
  12.4.0

Platform: 
  win32 x64

Trace: 
  SyntaxError: C:\vuttr\package.json: Unexpected token } in JSON at position 486
      at JSON.parse (<anonymous>)
      at C:\Program Files (x86)\Yarn\lib\cli.js:1625:59
      at Generator.next (<anonymous>)
      at step (C:\Program Files (x86)\Yarn\lib\cli.js:304:30)
      at C:\Program Files (x86)\Yarn\lib\cli.js:315:13

npm manifest: 
  {
    "name": "vuttr",
    "version": "1.0.0",
    "main": "index.js",
    "author": "Thalysson Nascimento de Andrade",
    "license": "MIT",
    "scripts": {
      "dev": "nodemon src/server.js",
      "build": "sucrase ./src -d ./dist --transforms imports",
      "start": "node dist/server.js",
      "pretest": "set NODE_ENV=test&& sequelize db:migrate",
      "test": "cls set NODE_ENV=test&& jest --runInBand --detectOpenHandles",
      "posttest": "set NODE_ENV=test&& sequelize db:migrate:undo:all",
    },
    "dependencies": {
      "@sentry/node": "5.12.2",
      "bcryptjs": "^2.4.3",
      "cors": "^2.8.5",
      "dotenv": "^8.2.0",
      "express": "^4.17.1",
      "express-async-errors": "^3.1.1",
      "express-brute": "^1.0.1",
      "express-brute-redis": "^0.0.1",
      "express-rate-limit": "^5.1.1",
      "helmet": "^3.21.3",
      "jsonwebtoken": "^8.5.1",
      "pg": "^7.18.1",
      "pg-hstore": "^2.3.3",
      "rate-limit-redis": "^1.7.0",
      "redis": "^3.0.2",
      "sequelize": "^5.21.4",
      "youch": "^2.0.10",
      "yup": "^0.28.1"
    },
    "devDependencies": {
      "@sucrase/jest-plugin": "^2.0.0",
      "@types/jest": "^25.1.3",
      "babel-eslint": "^10.0.3",
      "eslint": "^6.8.0",
      "eslint-config-airbnb-base": "^14.0.0",
      "eslint-config-prettier": "^6.10.0",
      "eslint-plugin-import": "^2.20.1",
      "eslint-plugin-prettier": "^3.1.2",
      "factory-girl": "^5.0.4",
      "faker": "^4.1.0",
      "jest": "^25.1.0",
      "nodemon": "^2.0.2",
      "prettier": "^1.19.1",
      "sequelize-cli": "^5.5.1",
      "sqlite3": "^4.1.1",
      "sucrase": "^3.12.1",
      "supertest": "^4.0.2"
    }
  }

yarn manifest: 
  No manifest

Lockfile: 
  No lockfile
